<?xml version="1.0" encoding="UTF-8"?>
<!-- Generated by org.testng.reporters.JUnitReportReporter -->
<testsuite hostname="DESKTOP-9TB3N8B" failures="0" tests="1" name="test.automation.ollion.project.LoginTest" time="1.225" errors="0" timestamp="2021-08-04T20:28:16 IST" skipped="0">
  <testcase classname="test.automation.ollion.project.LoginTest" name="login_with_valid_credential" time="1.225"/>
  <system-out/>
</testsuite> <!-- test.automation.ollion.project.LoginTest -->
